  Camera.cpp
  defines.cpp
  EventHandler.cpp
E:\Svyatoslav\Projects\C++\Terramine\Terramine\EventHandler.cpp(20,33): warning C4244: +=: преобразование "double" в "float", возможна потеря данных
E:\Svyatoslav\Projects\C++\Terramine\Terramine\EventHandler.cpp(21,33): warning C4244: +=: преобразование "double" в "float", возможна потеря данных
E:\Svyatoslav\Projects\C++\Terramine\Terramine\EventHandler.cpp(26,14): warning C4244: =: преобразование "double" в "float", возможна потеря данных
E:\Svyatoslav\Projects\C++\Terramine\Terramine\EventHandler.cpp(27,14): warning C4244: =: преобразование "double" в "float", возможна потеря данных
  LineBatch.cpp
E:\Svyatoslav\Projects\C++\Terramine\Terramine\Mesh.h(6,10): fatal error C1083: Не удается открыть файл включение: GL/glew.h: No such file or directory,
  Shader.cpp
E:\Svyatoslav\Projects\C++\Terramine\Terramine\Graphics\Shader.h(6,10): fatal error C1083: Не удается открыть файл включение: GL/glew.h: No such file or directory,
  Texture.cpp
E:\Svyatoslav\Projects\C++\Terramine\Terramine\Graphics\Texture.cpp(2,10): fatal error C1083: Не удается открыть файл включение: GL/glew.h: No such file or directory,
  VoxelRenderer.cpp
E:\Svyatoslav\Projects\C++\Terramine\Terramine\Mesh.h(6,10): fatal error C1083: Не удается открыть файл включение: GL/glew.h: No such file or directory,
  pngLoader.cpp
E:\Svyatoslav\Projects\C++\Terramine\Terramine\Loaders\pngLoader.cpp(2,10): fatal error C1083: Не удается открыть файл включение: GL/glew.h: No such file or directory,
  main.cpp
E:\Svyatoslav\Projects\C++\Terramine\Terramine\Mesh.h(6,10): fatal error C1083: Не удается открыть файл включение: GL/glew.h: No such file or directory,
  Mesh.cpp
E:\Svyatoslav\Projects\C++\Terramine\Terramine\Mesh.h(6,10): fatal error C1083: Не удается открыть файл включение: GL/glew.h: No such file or directory,
  Chunk.cpp
  Chunks.cpp
E:\Svyatoslav\Projects\C++\Terramine\Terramine\Voxels\Chunks.h(6,10): fatal error C1083: Не удается открыть файл включение: GL/glew.h: No such file or directory,
  Voxel.cpp
  Window.cpp
E:\Svyatoslav\Projects\C++\Terramine\Terramine\Window.cpp(1,10): fatal error C1083: Не удается открыть файл включение: GL/glew.h: No such file or directory,
  Создание кода...
