e:\svyatoslav\projects\c++\terramine\terramine\debug\vc142.pdb
e:\svyatoslav\projects\c++\terramine\terramine\debug\vc142.idb
e:\svyatoslav\projects\c++\terramine\terramine\debug\window.obj
e:\svyatoslav\projects\c++\terramine\terramine\debug\voxel.obj
e:\svyatoslav\projects\c++\terramine\terramine\debug\chunk.obj
e:\svyatoslav\projects\c++\terramine\terramine\debug\mesh.obj
e:\svyatoslav\projects\c++\terramine\terramine\debug\main.obj
e:\svyatoslav\projects\c++\terramine\terramine\debug\pngloader.obj
e:\svyatoslav\projects\c++\terramine\terramine\debug\texture.obj
e:\svyatoslav\projects\c++\terramine\terramine\debug\shader.obj
e:\svyatoslav\projects\c++\terramine\terramine\debug\eventhandler.obj
e:\svyatoslav\projects\c++\terramine\terramine\debug\defines.obj
e:\svyatoslav\projects\c++\terramine\terramine\debug\camera.obj
e:\svyatoslav\projects\c++\terramine\terramine\debug\voxelrenderer.obj
e:\svyatoslav\projects\c++\terramine\terramine\debug\chunks.obj
e:\svyatoslav\projects\c++\terramine\debug\terramine.exe
e:\svyatoslav\projects\c++\terramine\debug\terramine.ilk
e:\svyatoslav\projects\c++\terramine\debug\terramine.pdb
e:\svyatoslav\projects\c++\terramine\terramine\debug\terramine.tlog\cl.command.1.tlog
e:\svyatoslav\projects\c++\terramine\terramine\debug\terramine.tlog\cl.read.1.tlog
e:\svyatoslav\projects\c++\terramine\terramine\debug\terramine.tlog\cl.write.1.tlog
e:\svyatoslav\projects\c++\terramine\terramine\debug\terramine.tlog\link.command.1.tlog
e:\svyatoslav\projects\c++\terramine\terramine\debug\terramine.tlog\link.read.1.tlog
e:\svyatoslav\projects\c++\terramine\terramine\debug\terramine.tlog\link.write.1.tlog
