e:\svyatoslav\projects\c++\terramine\terramine\release\vc142.pdb
e:\svyatoslav\projects\c++\terramine\terramine\release\window.obj
e:\svyatoslav\projects\c++\terramine\terramine\release\voxel.obj
e:\svyatoslav\projects\c++\terramine\terramine\release\chunks.obj
e:\svyatoslav\projects\c++\terramine\terramine\release\chunk.obj
e:\svyatoslav\projects\c++\terramine\terramine\release\mesh.obj
e:\svyatoslav\projects\c++\terramine\terramine\release\main.obj
e:\svyatoslav\projects\c++\terramine\terramine\release\pngloader.obj
e:\svyatoslav\projects\c++\terramine\terramine\release\voxelrenderer.obj
e:\svyatoslav\projects\c++\terramine\terramine\release\texture.obj
e:\svyatoslav\projects\c++\terramine\terramine\release\shader.obj
e:\svyatoslav\projects\c++\terramine\terramine\release\linebatch.obj
e:\svyatoslav\projects\c++\terramine\terramine\release\eventhandler.obj
e:\svyatoslav\projects\c++\terramine\terramine\release\defines.obj
e:\svyatoslav\projects\c++\terramine\terramine\release\camera.obj
e:\svyatoslav\projects\c++\terramine\release\terramine.exe
e:\svyatoslav\projects\c++\terramine\release\terramine.pdb
e:\svyatoslav\projects\c++\terramine\release\terramine.ipdb
e:\svyatoslav\projects\c++\terramine\release\terramine.iobj
e:\svyatoslav\projects\c++\terramine\terramine\release\terramine.tlog\cl.command.1.tlog
e:\svyatoslav\projects\c++\terramine\terramine\release\terramine.tlog\cl.read.1.tlog
e:\svyatoslav\projects\c++\terramine\terramine\release\terramine.tlog\cl.write.1.tlog
e:\svyatoslav\projects\c++\terramine\terramine\release\terramine.tlog\link.command.1.tlog
e:\svyatoslav\projects\c++\terramine\terramine\release\terramine.tlog\link.read.1.tlog
e:\svyatoslav\projects\c++\terramine\terramine\release\terramine.tlog\link.write.1.tlog
e:\svyatoslav\projects\c++\terramine\terramine\release\terramine.tlog\terramine.write.1u.tlog
