  Camera.cpp
  defines.cpp
  FrameBuffer.cpp
  LineBatch.cpp
F:\Svyatoslav\Projects\C++\Terramine\Terramine\Graphics\LineBatch.cpp(8,47): warning C4244: инициализация: преобразование "unsigned __int64" в "unsigned int", возможна потеря данных
F:\Svyatoslav\Projects\C++\Terramine\Terramine\Graphics\LineBatch.cpp(41,29): warning C4244: аргумент: преобразование "unsigned __int64" в "size_t", возможна потеря данных
  MasterHandler.cpp
  SceneHandler.cpp
F:\Svyatoslav\Projects\C++\Terramine\Terramine\Graphics\SceneHandler.cpp(6,30): warning C4244: аргумент: преобразование "double" в "float", возможна потеря данных
  ShadowFrameBuffer.cpp
  Skybox.cpp
  VoxelRenderer.cpp
F:\Svyatoslav\Projects\C++\Terramine\Terramine\Graphics\VoxelRenderer.cpp(35,59): warning C4244: инициализация: преобразование "unsigned __int64" в "unsigned int", возможна потеря данных
F:\Svyatoslav\Projects\C++\Terramine\Terramine\Graphics\VoxelRenderer.cpp(245,32): warning C4244: аргумент: преобразование "unsigned __int64" в "size_t", возможна потеря данных
  GUI.cpp
  GUIHandler.cpp
  main.cpp
  Mesh.cpp
F:\Svyatoslav\Projects\C++\Terramine\Terramine\Mesh.cpp(26,2): warning C4244: аргумент: преобразование "unsigned __int64" в "GLsizeiptr", возможна потеря данных
F:\Svyatoslav\Projects\C++\Terramine\Terramine\Mesh.cpp(32,3): warning C4244: аргумент: преобразование "unsigned __int64" в "GLsizei", возможна потеря данных
F:\Svyatoslav\Projects\C++\Terramine\Terramine\Mesh.cpp(42,3): warning C4244: аргумент: преобразование "unsigned __int64" в "GLsizei", возможна потеря данных
F:\Svyatoslav\Projects\C++\Terramine\Terramine\Mesh.cpp(53,2): warning C4244: аргумент: преобразование "unsigned __int64" в "GLsizeiptr", возможна потеря данных
F:\Svyatoslav\Projects\C++\Terramine\Terramine\Mesh.cpp(80,2): warning C4244: аргумент: преобразование "unsigned __int64" в "GLsizeiptr", возможна потеря данных
F:\Svyatoslav\Projects\C++\Terramine\Terramine\Mesh.cpp(88,3): warning C4244: аргумент: преобразование "unsigned __int64" в "GLsizei", возможна потеря данных
F:\Svyatoslav\Projects\C++\Terramine\Terramine\Mesh.cpp(99,3): warning C4244: аргумент: преобразование "unsigned __int64" в "GLsizei", возможна потеря данных
F:\Svyatoslav\Projects\C++\Terramine\Terramine\Mesh.cpp(130,2): warning C4244: аргумент: преобразование "unsigned __int64" в "GLsizeiptr", возможна потеря данных
  Player.cpp
F:\Svyatoslav\Projects\C++\Terramine\Terramine\Player.cpp(19,24): warning C4244: =: преобразование "double" в "float", возможна потеря данных
F:\Svyatoslav\Projects\C++\Terramine\Terramine\Player.cpp(116,22): warning C4244: =: преобразование "double" в "T", возможна потеря данных
          with
          [
              T=float
          ]
F:\Svyatoslav\Projects\C++\Terramine\Terramine\Player.cpp(101,65): warning C4390: ";": обнаружен пустой контролируемый оператор; это правильно?
  Terrarian.cpp
F:\Svyatoslav\Projects\C++\Terramine\Terramine\Voxels\Terrarian.cpp(31,27): warning C4244: инициализация: преобразование "unsigned __int64" в "unsigned int", возможна потеря данных
  Создание кода
  594 of 974 functions (61.0%) were compiled, the rest were copied from previous compilation.
  Создание кода завершено
    33 functions were new in current compilation
    67 functions had inline decision re-evaluated but remain unchanged
glew32s.lib(glew.obj) : warning LNK4099: "vc120.pdb" PDB не найден с "glew32s.lib(glew.obj)" или на "F:\Svyatoslav\Projects\C++\Terramine\Release\vc120.pdb"; компоновка объекта выполняется как при отсутствии отладочных данных
  Terramine.vcxproj -> F:\Svyatoslav\Projects\C++\Terramine\Release\Terramine.exe
