f:\svyatoslav\projects\c++\terramine\terramine\debug\vc142.pdb
f:\svyatoslav\projects\c++\terramine\terramine\debug\vc142.idb
f:\svyatoslav\projects\c++\terramine\terramine\debug\main.obj
f:\svyatoslav\projects\c++\terramine\terramine\debug\defines.obj
f:\svyatoslav\projects\c++\terramine\terramine\debug\shader.obj
f:\svyatoslav\projects\c++\terramine\terramine\debug\pngloader.obj
f:\svyatoslav\projects\c++\terramine\terramine\debug\chunks.obj
f:\svyatoslav\projects\c++\terramine\terramine\debug\chunk.obj
f:\svyatoslav\projects\c++\terramine\terramine\debug\voxelrenderer.obj
f:\svyatoslav\projects\c++\terramine\terramine\debug\window.obj
f:\svyatoslav\projects\c++\terramine\terramine\debug\voxel.obj
f:\svyatoslav\projects\c++\terramine\terramine\debug\mesh.obj
f:\svyatoslav\projects\c++\terramine\terramine\debug\texture.obj
f:\svyatoslav\projects\c++\terramine\terramine\debug\linebatch.obj
f:\svyatoslav\projects\c++\terramine\terramine\debug\eventhandler.obj
f:\svyatoslav\projects\c++\terramine\terramine\debug\camera.obj
f:\svyatoslav\projects\c++\terramine\terramine\debug\blockstore.obj
f:\svyatoslav\projects\c++\terramine\terramine\debug\sprite.obj
f:\svyatoslav\projects\c++\terramine\terramine\debug\gui.obj
f:\svyatoslav\projects\c++\terramine\terramine\debug\button.obj
f:\svyatoslav\projects\c++\terramine\terramine\debug\guiobject.obj
f:\svyatoslav\projects\c++\terramine\terramine\debug\player.obj
f:\svyatoslav\projects\c++\terramine\terramine\debug\terrarian.obj
f:\svyatoslav\projects\c++\terramine\terramine\debug\skybox.obj
f:\svyatoslav\projects\c++\terramine\debug\terramine.pdb
f:\svyatoslav\projects\c++\terramine\terramine\debug\terramine.tlog\cl.command.1.tlog
f:\svyatoslav\projects\c++\terramine\terramine\debug\terramine.tlog\cl.read.1.tlog
f:\svyatoslav\projects\c++\terramine\terramine\debug\terramine.tlog\cl.write.1.tlog
f:\svyatoslav\projects\c++\terramine\terramine\debug\terramine.tlog\link-cvtres.read.1.tlog
f:\svyatoslav\projects\c++\terramine\terramine\debug\terramine.tlog\link-cvtres.write.1.tlog
f:\svyatoslav\projects\c++\terramine\terramine\debug\terramine.tlog\link-rc.read.1.tlog
f:\svyatoslav\projects\c++\terramine\terramine\debug\terramine.tlog\link-rc.write.1.tlog
f:\svyatoslav\projects\c++\terramine\terramine\debug\terramine.tlog\link.8856-cvtres.read.1.tlog
f:\svyatoslav\projects\c++\terramine\terramine\debug\terramine.tlog\link.8856-cvtres.write.1.tlog
f:\svyatoslav\projects\c++\terramine\terramine\debug\terramine.tlog\link.8856-rc.read.1.tlog
f:\svyatoslav\projects\c++\terramine\terramine\debug\terramine.tlog\link.8856-rc.write.1.tlog
f:\svyatoslav\projects\c++\terramine\terramine\debug\terramine.tlog\link.8856.read.1.tlog
f:\svyatoslav\projects\c++\terramine\terramine\debug\terramine.tlog\link.8856.write.1.tlog
f:\svyatoslav\projects\c++\terramine\terramine\debug\terramine.tlog\link.command.1.tlog
f:\svyatoslav\projects\c++\terramine\terramine\debug\terramine.tlog\link.read.1.tlog
f:\svyatoslav\projects\c++\terramine\terramine\debug\terramine.tlog\link.write.1.tlog
